
*** Running vivado
    with args -log ASFIFO.vds -m64 -product Vivado -mode batch -messageDb vivado.pb -notrace -source ASFIFO.tcl


****** Vivado v2018.3 (64-bit)
  **** SW Build 2405991 on Thu Dec  6 23:38:27 MST 2018
  **** IP Build 2404404 on Fri Dec  7 01:43:56 MST 2018
    ** Copyright 1986-2018 Xilinx, Inc. All Rights Reserved.

source ASFIFO.tcl -notrace
Command: synth_design -top ASFIFO -part xc7a35tfgg484-2
Starting synth_design
Attempting to get a license for feature 'Synthesis' and/or device 'xc7a35t'
INFO: [Common 17-349] Got license for feature 'Synthesis' and/or device 'xc7a35t'
INFO: Launching helper process for spawning children vivado processes
INFO: Helper process launched with PID 31636 
---------------------------------------------------------------------------------
Starting Synthesize : Time (s): cpu = 00:00:03 ; elapsed = 00:00:03 . Memory (MB): peak = 431.414 ; gain = 99.836
---------------------------------------------------------------------------------
INFO: [Synth 8-6157] synthesizing module 'ASFIFO' [C:/Users/password_is_447/Desktop/BaiduSyncdisk/verilog/ASFIFO/ASFIFO.srcs/sources_1/new/ASFIFO.v:23]
	Parameter WIDTH bound to: 16 - type: integer 
	Parameter PTR bound to: 4 - type: integer 
INFO: [Synth 8-6157] synthesizing module 'DPRAM' [C:/Users/password_is_447/Desktop/BaiduSyncdisk/verilog/ASFIFO/ASFIFO.srcs/sources_1/new/DPRAM.v:1]
	Parameter WIDTH bound to: 16 - type: integer 
	Parameter DEPTH bound to: 16 - type: integer 
	Parameter ADDR bound to: 4 - type: integer 
INFO: [Synth 8-6155] done synthesizing module 'DPRAM' (1#1) [C:/Users/password_is_447/Desktop/BaiduSyncdisk/verilog/ASFIFO/ASFIFO.srcs/sources_1/new/DPRAM.v:1]
INFO: [Synth 8-6155] done synthesizing module 'ASFIFO' (2#1) [C:/Users/password_is_447/Desktop/BaiduSyncdisk/verilog/ASFIFO/ASFIFO.srcs/sources_1/new/ASFIFO.v:23]
---------------------------------------------------------------------------------
Finished Synthesize : Time (s): cpu = 00:00:03 ; elapsed = 00:00:03 . Memory (MB): peak = 487.605 ; gain = 156.027
---------------------------------------------------------------------------------
---------------------------------------------------------------------------------
Finished Constraint Validation : Time (s): cpu = 00:00:03 ; elapsed = 00:00:04 . Memory (MB): peak = 487.605 ; gain = 156.027
---------------------------------------------------------------------------------
---------------------------------------------------------------------------------
Start Loading Part and Timing Information
---------------------------------------------------------------------------------
Loading part: xc7a35tfgg484-2
---------------------------------------------------------------------------------
Finished Loading Part and Timing Information : Time (s): cpu = 00:00:03 ; elapsed = 00:00:04 . Memory (MB): peak = 487.605 ; gain = 156.027
INFO: [Device 21-403] Loading part xc7a35tfgg484-2
---------------------------------------------------------------------------------
---------------------------------------------------------------------------------
Finished RTL Optimization Phase 2 : Time (s): cpu = 00:00:04 ; elapsed = 00:00:04 . Memory (MB): peak = 487.605 ; gain = 156.027
---------------------------------------------------------------------------------

Report RTL Partitions: 
+-+--------------+------------+----------+
| |RTL Partition |Replication |Instances |
+-+--------------+------------+----------+
+-+--------------+------------+----------+
No constraint files found.
---------------------------------------------------------------------------------
Start RTL Component Statistics 
---------------------------------------------------------------------------------
Detailed RTL Component Info : 
+---Adders : 
	   2 Input      5 Bit       Adders := 2     
+---XORs : 
	   2 Input      4 Bit         XORs := 2     
	   2 Input      1 Bit         XORs := 8     
+---Registers : 
	               16 Bit    Registers := 1     
	                5 Bit    Registers := 8     
+---RAMs : 
	              256 Bit         RAMs := 1     
---------------------------------------------------------------------------------
Finished RTL Component Statistics 
---------------------------------------------------------------------------------
---------------------------------------------------------------------------------
Start RTL Hierarchical Component Statistics 
---------------------------------------------------------------------------------
Hierarchical RTL Component report 
Module ASFIFO 
Detailed RTL Component Info : 
+---Adders : 
	   2 Input      5 Bit       Adders := 2     
+---XORs : 
	   2 Input      4 Bit         XORs := 2     
	   2 Input      1 Bit         XORs := 8     
+---Registers : 
	                5 Bit    Registers := 8     
Module DPRAM 
Detailed RTL Component Info : 
+---Registers : 
	               16 Bit    Registers := 1     
+---RAMs : 
	              256 Bit         RAMs := 1     
---------------------------------------------------------------------------------
Finished RTL Hierarchical Component Statistics
---------------------------------------------------------------------------------
---------------------------------------------------------------------------------
Start Part Resource Summary
---------------------------------------------------------------------------------
Part Resources:
DSPs: 90 (col length:60)
BRAMs: 100 (col length: RAMB18 60 RAMB36 30)
---------------------------------------------------------------------------------
Finished Part Resource Summary
---------------------------------------------------------------------------------
No constraint files found.
---------------------------------------------------------------------------------
Start Cross Boundary and Area Optimization
---------------------------------------------------------------------------------
Warning: Parallel synthesis criteria is not met 
---------------------------------------------------------------------------------
Finished Cross Boundary and Area Optimization : Time (s): cpu = 00:00:06 ; elapsed = 00:00:06 . Memory (MB): peak = 625.516 ; gain = 293.938
---------------------------------------------------------------------------------
---------------------------------------------------------------------------------
Start ROM, RAM, DSP and Shift Register Reporting
---------------------------------------------------------------------------------

Distributed RAM: Preliminary Mapping  Report (see note below)
+------------+-------------------+-----------+----------------------+--------------+
|Module Name | RTL Object        | Inference | Size (Depth x Width) | Primitives   | 
+------------+-------------------+-----------+----------------------+--------------+
|ASFIFO      | U_DPRAM/DPRAM_reg | Implied   | 16 x 16              | RAM32M x 3   | 
+------------+-------------------+-----------+----------------------+--------------+

Note: The table above is a preliminary report that shows the Distributed RAMs at the current stage of the synthesis flow. Some Distributed RAMs may be reimplemented as non Distributed RAM primitives later in the synthesis flow. Multiple instantiated RAMs are reported only once.
---------------------------------------------------------------------------------
Finished ROM, RAM, DSP and Shift Register Reporting
---------------------------------------------------------------------------------

Report RTL Partitions: 
+-+--------------+------------+----------+
| |RTL Partition |Replication |Instances |
+-+--------------+------------+----------+
+-+--------------+------------+----------+
No constraint files found.
---------------------------------------------------------------------------------
Start Timing Optimization
---------------------------------------------------------------------------------
---------------------------------------------------------------------------------
Finished Timing Optimization : Time (s): cpu = 00:00:06 ; elapsed = 00:00:06 . Memory (MB): peak = 625.516 ; gain = 293.938
---------------------------------------------------------------------------------
---------------------------------------------------------------------------------
Start ROM, RAM, DSP and Shift Register Reporting
---------------------------------------------------------------------------------

Distributed RAM: Final Mapping  Report
+------------+-------------------+-----------+----------------------+--------------+
|Module Name | RTL Object        | Inference | Size (Depth x Width) | Primitives   | 
+------------+-------------------+-----------+----------------------+--------------+
|ASFIFO      | U_DPRAM/DPRAM_reg | Implied   | 16 x 16              | RAM32M x 3   | 
+------------+-------------------+-----------+----------------------+--------------+

---------------------------------------------------------------------------------
Finished ROM, RAM, DSP and Shift Register Reporting
---------------------------------------------------------------------------------

Report RTL Partitions: 
+-+--------------+------------+----------+
| |RTL Partition |Replication |Instances |
+-+--------------+------------+----------+
+-+--------------+------------+----------+
---------------------------------------------------------------------------------
Start Technology Mapping
---------------------------------------------------------------------------------
---------------------------------------------------------------------------------
Finished Technology Mapping : Time (s): cpu = 00:00:06 ; elapsed = 00:00:06 . Memory (MB): peak = 625.516 ; gain = 293.938
---------------------------------------------------------------------------------

Report RTL Partitions: 
+-+--------------+------------+----------+
| |RTL Partition |Replication |Instances |
+-+--------------+------------+----------+
+-+--------------+------------+----------+
---------------------------------------------------------------------------------
Start IO Insertion
---------------------------------------------------------------------------------
---------------------------------------------------------------------------------
Start Flattening Before IO Insertion
---------------------------------------------------------------------------------
---------------------------------------------------------------------------------
Finished Flattening Before IO Insertion
---------------------------------------------------------------------------------
---------------------------------------------------------------------------------
Start Final Netlist Cleanup
---------------------------------------------------------------------------------
---------------------------------------------------------------------------------
Finished Final Netlist Cleanup
---------------------------------------------------------------------------------
---------------------------------------------------------------------------------
Finished IO Insertion : Time (s): cpu = 00:00:07 ; elapsed = 00:00:07 . Memory (MB): peak = 625.516 ; gain = 293.938
---------------------------------------------------------------------------------

Report Check Netlist: 
+------+------------------+-------+---------+-------+------------------+
|      |Item              |Errors |Warnings |Status |Description       |
+------+------------------+-------+---------+-------+------------------+
|1     |multi_driven_nets |      0|        0|Passed |Multi driven nets |
+------+------------------+-------+---------+-------+------------------+
---------------------------------------------------------------------------------
Start Renaming Generated Instances
---------------------------------------------------------------------------------
---------------------------------------------------------------------------------
Finished Renaming Generated Instances : Time (s): cpu = 00:00:07 ; elapsed = 00:00:07 . Memory (MB): peak = 625.516 ; gain = 293.938
---------------------------------------------------------------------------------

Report RTL Partitions: 
+-+--------------+------------+----------+
| |RTL Partition |Replication |Instances |
+-+--------------+------------+----------+
+-+--------------+------------+----------+
---------------------------------------------------------------------------------
Start Rebuilding User Hierarchy
---------------------------------------------------------------------------------
---------------------------------------------------------------------------------
Finished Rebuilding User Hierarchy : Time (s): cpu = 00:00:07 ; elapsed = 00:00:07 . Memory (MB): peak = 625.516 ; gain = 293.938
---------------------------------------------------------------------------------
---------------------------------------------------------------------------------
Start Renaming Generated Ports
---------------------------------------------------------------------------------
---------------------------------------------------------------------------------
Finished Renaming Generated Ports : Time (s): cpu = 00:00:07 ; elapsed = 00:00:07 . Memory (MB): peak = 625.516 ; gain = 293.938
---------------------------------------------------------------------------------
---------------------------------------------------------------------------------
Start Handling Custom Attributes
---------------------------------------------------------------------------------
---------------------------------------------------------------------------------
Finished Handling Custom Attributes : Time (s): cpu = 00:00:07 ; elapsed = 00:00:07 . Memory (MB): peak = 625.516 ; gain = 293.938
---------------------------------------------------------------------------------
---------------------------------------------------------------------------------
Start Renaming Generated Nets
---------------------------------------------------------------------------------
---------------------------------------------------------------------------------
Finished Renaming Generated Nets : Time (s): cpu = 00:00:07 ; elapsed = 00:00:07 . Memory (MB): peak = 625.516 ; gain = 293.938
---------------------------------------------------------------------------------
---------------------------------------------------------------------------------
Start Writing Synthesis Report
---------------------------------------------------------------------------------

Report BlackBoxes: 
+-+--------------+----------+
| |BlackBox name |Instances |
+-+--------------+----------+
+-+--------------+----------+

Report Cell Usage: 
+------+-------+------+
|      |Cell   |Count |
+------+-------+------+
|1     |BUFG   |     2|
|2     |LUT1   |     4|
|3     |LUT2   |     8|
|4     |LUT3   |     2|
|5     |LUT4   |     4|
|6     |LUT5   |     4|
|7     |LUT6   |     4|
|8     |RAM32M |     3|
|9     |FDCE   |    56|
|10    |IBUF   |    22|
|11    |OBUF   |    18|
+------+-------+------+

Report Instance Areas: 
+------+----------+-------+------+
|      |Instance  |Module |Cells |
+------+----------+-------+------+
|1     |top       |       |   127|
|2     |  U_DPRAM |DPRAM  |    26|
+------+----------+-------+------+
---------------------------------------------------------------------------------
Finished Writing Synthesis Report : Time (s): cpu = 00:00:07 ; elapsed = 00:00:07 . Memory (MB): peak = 625.516 ; gain = 293.938
---------------------------------------------------------------------------------
Synthesis finished with 0 errors, 0 critical warnings and 0 warnings.
Synthesis Optimization Runtime : Time (s): cpu = 00:00:07 ; elapsed = 00:00:07 . Memory (MB): peak = 625.516 ; gain = 293.938
Synthesis Optimization Complete : Time (s): cpu = 00:00:07 ; elapsed = 00:00:07 . Memory (MB): peak = 625.516 ; gain = 293.938
INFO: [Project 1-571] Translating synthesized netlist
INFO: [Netlist 29-17] Analyzing 3 Unisim elements for replacement
INFO: [Netlist 29-28] Unisim Transformation completed in 0 CPU seconds
INFO: [Project 1-570] Preparing netlist for logic optimization
INFO: [Opt 31-138] Pushed 0 inverter(s) to 0 load pin(s).
Netlist sorting complete. Time (s): cpu = 00:00:00 ; elapsed = 00:00:00 . Memory (MB): peak = 725.035 ; gain = 0.000
INFO: [Project 1-111] Unisim Transformation Summary:
  A total of 3 instances were transformed.
  RAM32M => RAM32M (RAMD32, RAMD32, RAMD32, RAMD32, RAMD32, RAMD32, RAMS32, RAMS32): 3 instances

INFO: [Common 17-83] Releasing license: Synthesis
13 Infos, 0 Warnings, 0 Critical Warnings and 0 Errors encountered.
synth_design completed successfully
synth_design: Time (s): cpu = 00:00:11 ; elapsed = 00:00:12 . Memory (MB): peak = 725.035 ; gain = 406.516
Netlist sorting complete. Time (s): cpu = 00:00:00 ; elapsed = 00:00:00 . Memory (MB): peak = 725.035 ; gain = 0.000
WARNING: [Constraints 18-5210] No constraints selected for write.
Resolution: This message can indicate that there are no constraints for the design, or it can indicate that the used_in flags are set such that the constraints are ignored. This later case is used when running synth_design to not write synthesis constraints to the resulting checkpoint. Instead, project constraints are read when the synthesized design is opened.
INFO: [Common 17-1381] The checkpoint 'C:/Users/password_is_447/Desktop/BaiduSyncdisk/verilog/ASFIFO/ASFIFO.runs/synth_1/ASFIFO.dcp' has been generated.
INFO: [runtcl-4] Executing : report_utilization -file ASFIFO_utilization_synth.rpt -pb ASFIFO_utilization_synth.pb
INFO: [Common 17-206] Exiting Vivado at Mon Mar 13 15:28:10 2023...
