#-----------------------------------------------------------
# Vivado v2018.3 (64-bit)
# SW Build 2405991 on Thu Dec  6 23:38:27 MST 2018
# IP Build 2404404 on Fri Dec  7 01:43:56 MST 2018
# Start of session at: Mon Mar 20 11:27:56 2023
# Process ID: 18252
# Current directory: C:/Users/password_is_447/Desktop/BaiduSyncdisk/verilog/ASFIFO
# Command line: vivado.exe -gui_launcher_event rodinguilauncherevent21316 C:\Users\password_is_447\Desktop\BaiduSyncdisk\verilog\ASFIFO\ASFIFO.xpr
# Log file: C:/Users/password_is_447/Desktop/BaiduSyncdisk/verilog/ASFIFO/vivado.log
# Journal file: C:/Users/password_is_447/Desktop/BaiduSyncdisk/verilog/ASFIFO\vivado.jou
#-----------------------------------------------------------
start_gui
open_project C:/Users/password_is_447/Desktop/BaiduSyncdisk/verilog/ASFIFO/ASFIFO.xpr
Scanning sources...
Finished scanning sources
INFO: [IP_Flow 19-234] Refreshing IP repositories
INFO: [IP_Flow 19-1704] No user IP repositories specified
INFO: [IP_Flow 19-2313] Loaded Vivado IP repository 'D:/BaiduNetdiskDownload/vivado2018.3/Vivado/2018.3/data/ip'.
update_compile_order -fileset sources_1
set_property top ASFIFO [current_fileset]
update_compile_order -fileset sources_1
exit
INFO: [Common 17-206] Exiting Vivado at Mon Mar 20 15:31:14 2023...
