#! /usr/local/bin/vvp
:ivl_version "12.0 (devel)" "(s20150603-1120-gd8cb29f)";
:ivl_delay_selection "TYPICAL";
:vpi_time_precision - 9;
:vpi_module "/usr/local/lib/ivl/system.vpi";
:vpi_module "/usr/local/lib/ivl/vhdl_sys.vpi";
:vpi_module "/usr/local/lib/ivl/vhdl_textio.vpi";
:vpi_module "/usr/local/lib/ivl/v2005_math.vpi";
:vpi_module "/usr/local/lib/ivl/va_math.vpi";
S_0xa3f6b0 .scope module, "ahb_m2s_m2" "ahb_m2s_m2" 2 14;
 .timescale -9 -9;
    .port_info 0 /INPUT 1 "HRESETn";
    .port_info 1 /INPUT 1 "HCLK";
    .port_info 2 /INPUT 1 "HREADY";
    .port_info 3 /INPUT 4 "HMASTER";
    .port_info 4 /OUTPUT 32 "HADDR";
    .port_info 5 /OUTPUT 4 "HPROT";
    .port_info 6 /OUTPUT 2 "HTRANS";
    .port_info 7 /OUTPUT 1 "HWRITE";
    .port_info 8 /OUTPUT 3 "HSIZE";
    .port_info 9 /OUTPUT 3 "HBURST";
    .port_info 10 /OUTPUT 32 "HWDATA";
    .port_info 11 /INPUT 32 "HADDR_0";
    .port_info 12 /INPUT 4 "HPROT_0";
    .port_info 13 /INPUT 2 "HTRANS_0";
    .port_info 14 /INPUT 1 "HWRITE_0";
    .port_info 15 /INPUT 3 "HSIZE_0";
    .port_info 16 /INPUT 3 "HBURST_0";
    .port_info 17 /INPUT 32 "HWDATA_0";
    .port_info 18 /INPUT 32 "HADDR_1";
    .port_info 19 /INPUT 4 "HPROT_1";
    .port_info 20 /INPUT 2 "HTRANS_1";
    .port_info 21 /INPUT 1 "HWRITE_1";
    .port_info 22 /INPUT 3 "HSIZE_1";
    .port_info 23 /INPUT 3 "HBURST_1";
    .port_info 24 /INPUT 32 "HWDATA_1";
P_0xa3f840 .param/l "NUM_MASTER" 0 2 16, +C4<00000000000000000000000000000011>;
v0xa3fe20_0 .var "HADDR", 31 0;
o0x7f4c94597048 .functor BUFZ 32, C4<zzzzzzzzzzzzzzzzzzzzzzzzzzzzzzzz>; HiZ drive
v0xa6ba40_0 .net "HADDR_0", 31 0, o0x7f4c94597048;  0 drivers
o0x7f4c94597078 .functor BUFZ 32, C4<zzzzzzzzzzzzzzzzzzzzzzzzzzzzzzzz>; HiZ drive
v0xa6bb20_0 .net "HADDR_1", 31 0, o0x7f4c94597078;  0 drivers
v0xa6bc10_0 .var "HBURST", 2 0;
o0x7f4c945970d8 .functor BUFZ 3, C4<zzz>; HiZ drive
v0xa6bcf0_0 .net "HBURST_0", 2 0, o0x7f4c945970d8;  0 drivers
o0x7f4c94597108 .functor BUFZ 3, C4<zzz>; HiZ drive
v0xa6be20_0 .net "HBURST_1", 2 0, o0x7f4c94597108;  0 drivers
o0x7f4c94597138 .functor BUFZ 1, C4<z>; HiZ drive
v0xa6bf00_0 .net "HCLK", 0 0, o0x7f4c94597138;  0 drivers
o0x7f4c94597168 .functor BUFZ 4, C4<zzzz>; HiZ drive
v0xa6bfc0_0 .net "HMASTER", 3 0, o0x7f4c94597168;  0 drivers
v0xa6c0a0_0 .var "HPROT", 3 0;
o0x7f4c945971c8 .functor BUFZ 4, C4<zzzz>; HiZ drive
v0xa6c210_0 .net "HPROT_0", 3 0, o0x7f4c945971c8;  0 drivers
o0x7f4c945971f8 .functor BUFZ 4, C4<zzzz>; HiZ drive
v0xa6c2f0_0 .net "HPROT_1", 3 0, o0x7f4c945971f8;  0 drivers
o0x7f4c94597228 .functor BUFZ 1, C4<z>; HiZ drive
v0xa6c3d0_0 .net "HREADY", 0 0, o0x7f4c94597228;  0 drivers
o0x7f4c94597258 .functor BUFZ 1, C4<z>; HiZ drive
v0xa6c490_0 .net "HRESETn", 0 0, o0x7f4c94597258;  0 drivers
v0xa6c550_0 .var "HSIZE", 2 0;
o0x7f4c945972b8 .functor BUFZ 3, C4<zzz>; HiZ drive
v0xa6c630_0 .net "HSIZE_0", 2 0, o0x7f4c945972b8;  0 drivers
o0x7f4c945972e8 .functor BUFZ 3, C4<zzz>; HiZ drive
v0xa6c710_0 .net "HSIZE_1", 2 0, o0x7f4c945972e8;  0 drivers
v0xa6c7f0_0 .var "HTRANS", 1 0;
o0x7f4c94597348 .functor BUFZ 2, C4<zz>; HiZ drive
v0xa6c9a0_0 .net "HTRANS_0", 1 0, o0x7f4c94597348;  0 drivers
o0x7f4c94597378 .functor BUFZ 2, C4<zz>; HiZ drive
v0xa6ca40_0 .net "HTRANS_1", 1 0, o0x7f4c94597378;  0 drivers
v0xa6cb20_0 .var "HWDATA", 31 0;
o0x7f4c945973d8 .functor BUFZ 32, C4<zzzzzzzzzzzzzzzzzzzzzzzzzzzzzzzz>; HiZ drive
v0xa6cc00_0 .net "HWDATA_0", 31 0, o0x7f4c945973d8;  0 drivers
o0x7f4c94597408 .functor BUFZ 32, C4<zzzzzzzzzzzzzzzzzzzzzzzzzzzzzzzz>; HiZ drive
v0xa6cce0_0 .net "HWDATA_1", 31 0, o0x7f4c94597408;  0 drivers
v0xa6cdc0_0 .var "HWRITE", 0 0;
o0x7f4c94597468 .functor BUFZ 1, C4<z>; HiZ drive
v0xa6ce80_0 .net "HWRITE_0", 0 0, o0x7f4c94597468;  0 drivers
o0x7f4c94597498 .functor BUFZ 1, C4<z>; HiZ drive
v0xa6cf40_0 .net "HWRITE_1", 0 0, o0x7f4c94597498;  0 drivers
v0xa6d000_0 .var "hmaster_delay", 3 0;
E_0xa3fb40 .event anyedge, v0xa6cce0_0, v0xa6cc00_0, v0xa6d000_0;
E_0xa3fb80 .event anyedge, v0xa6be20_0, v0xa6bcf0_0, v0xa6bfc0_0;
E_0xa3fbc0 .event anyedge, v0xa6c710_0, v0xa6c630_0, v0xa6bfc0_0;
E_0xa3fc00 .event anyedge, v0xa6cf40_0, v0xa6ce80_0, v0xa6bfc0_0;
E_0xa3fc70 .event anyedge, v0xa6ca40_0, v0xa6c9a0_0, v0xa6bfc0_0;
E_0xa3fcb0 .event anyedge, v0xa6c2f0_0, v0xa6c210_0, v0xa6bfc0_0;
E_0xa3fd30 .event anyedge, v0xa6bb20_0, v0xa6ba40_0, v0xa6bfc0_0;
E_0xa3fd70/0 .event negedge, v0xa6c490_0;
E_0xa3fd70/1 .event posedge, v0xa6bf00_0;
E_0xa3fd70 .event/or E_0xa3fd70/0, E_0xa3fd70/1;
    .scope S_0xa3f6b0;
T_0 ;
    %wait E_0xa3fd70;
    %load/vec4 v0xa6c490_0;
    %cmpi/e 0, 0, 1;
    %jmp/0xz  T_0.0, 4;
    %pushi/vec4 0, 0, 4;
    %assign/vec4 v0xa6d000_0, 0;
    %jmp T_0.1;
T_0.0 ;
    %load/vec4 v0xa6c3d0_0;
    %flag_set/vec4 8;
    %jmp/0xz  T_0.2, 8;
    %load/vec4 v0xa6bfc0_0;
    %assign/vec4 v0xa6d000_0, 0;
T_0.2 ;
T_0.1 ;
    %jmp T_0;
    .thread T_0;
    .scope S_0xa3f6b0;
T_1 ;
    %wait E_0xa3fd30;
    %load/vec4 v0xa6bfc0_0;
    %dup/vec4;
    %pushi/vec4 0, 0, 4;
    %cmp/u;
    %jmp/1 T_1.0, 6;
    %dup/vec4;
    %pushi/vec4 1, 0, 4;
    %cmp/u;
    %jmp/1 T_1.1, 6;
    %pushi/vec4 4294967295, 0, 32;
    %store/vec4 v0xa3fe20_0, 0, 32;
    %jmp T_1.3;
T_1.0 ;
    %load/vec4 v0xa6ba40_0;
    %store/vec4 v0xa3fe20_0, 0, 32;
    %jmp T_1.3;
T_1.1 ;
    %load/vec4 v0xa6bb20_0;
    %store/vec4 v0xa3fe20_0, 0, 32;
    %jmp T_1.3;
T_1.3 ;
    %pop/vec4 1;
    %jmp T_1;
    .thread T_1, $push;
    .scope S_0xa3f6b0;
T_2 ;
    %wait E_0xa3fcb0;
    %load/vec4 v0xa6bfc0_0;
    %dup/vec4;
    %pushi/vec4 0, 0, 4;
    %cmp/u;
    %jmp/1 T_2.0, 6;
    %dup/vec4;
    %pushi/vec4 1, 0, 4;
    %cmp/u;
    %jmp/1 T_2.1, 6;
    %pushi/vec4 0, 0, 4;
    %store/vec4 v0xa6c0a0_0, 0, 4;
    %jmp T_2.3;
T_2.0 ;
    %load/vec4 v0xa6c210_0;
    %store/vec4 v0xa6c0a0_0, 0, 4;
    %jmp T_2.3;
T_2.1 ;
    %load/vec4 v0xa6c2f0_0;
    %store/vec4 v0xa6c0a0_0, 0, 4;
    %jmp T_2.3;
T_2.3 ;
    %pop/vec4 1;
    %jmp T_2;
    .thread T_2, $push;
    .scope S_0xa3f6b0;
T_3 ;
    %wait E_0xa3fc70;
    %load/vec4 v0xa6bfc0_0;
    %dup/vec4;
    %pushi/vec4 0, 0, 4;
    %cmp/u;
    %jmp/1 T_3.0, 6;
    %dup/vec4;
    %pushi/vec4 1, 0, 4;
    %cmp/u;
    %jmp/1 T_3.1, 6;
    %pushi/vec4 0, 0, 2;
    %store/vec4 v0xa6c7f0_0, 0, 2;
    %jmp T_3.3;
T_3.0 ;
    %load/vec4 v0xa6c9a0_0;
    %store/vec4 v0xa6c7f0_0, 0, 2;
    %jmp T_3.3;
T_3.1 ;
    %load/vec4 v0xa6ca40_0;
    %store/vec4 v0xa6c7f0_0, 0, 2;
    %jmp T_3.3;
T_3.3 ;
    %pop/vec4 1;
    %jmp T_3;
    .thread T_3, $push;
    .scope S_0xa3f6b0;
T_4 ;
    %wait E_0xa3fc00;
    %load/vec4 v0xa6bfc0_0;
    %dup/vec4;
    %pushi/vec4 0, 0, 4;
    %cmp/u;
    %jmp/1 T_4.0, 6;
    %dup/vec4;
    %pushi/vec4 1, 0, 4;
    %cmp/u;
    %jmp/1 T_4.1, 6;
    %pushi/vec4 0, 0, 1;
    %store/vec4 v0xa6cdc0_0, 0, 1;
    %jmp T_4.3;
T_4.0 ;
    %load/vec4 v0xa6ce80_0;
    %store/vec4 v0xa6cdc0_0, 0, 1;
    %jmp T_4.3;
T_4.1 ;
    %load/vec4 v0xa6cf40_0;
    %store/vec4 v0xa6cdc0_0, 0, 1;
    %jmp T_4.3;
T_4.3 ;
    %pop/vec4 1;
    %jmp T_4;
    .thread T_4, $push;
    .scope S_0xa3f6b0;
T_5 ;
    %wait E_0xa3fbc0;
    %load/vec4 v0xa6bfc0_0;
    %dup/vec4;
    %pushi/vec4 0, 0, 4;
    %cmp/u;
    %jmp/1 T_5.0, 6;
    %dup/vec4;
    %pushi/vec4 1, 0, 4;
    %cmp/u;
    %jmp/1 T_5.1, 6;
    %pushi/vec4 0, 0, 3;
    %store/vec4 v0xa6c550_0, 0, 3;
    %jmp T_5.3;
T_5.0 ;
    %load/vec4 v0xa6c630_0;
    %store/vec4 v0xa6c550_0, 0, 3;
    %jmp T_5.3;
T_5.1 ;
    %load/vec4 v0xa6c710_0;
    %store/vec4 v0xa6c550_0, 0, 3;
    %jmp T_5.3;
T_5.3 ;
    %pop/vec4 1;
    %jmp T_5;
    .thread T_5, $push;
    .scope S_0xa3f6b0;
T_6 ;
    %wait E_0xa3fb80;
    %load/vec4 v0xa6bfc0_0;
    %dup/vec4;
    %pushi/vec4 0, 0, 4;
    %cmp/u;
    %jmp/1 T_6.0, 6;
    %dup/vec4;
    %pushi/vec4 1, 0, 4;
    %cmp/u;
    %jmp/1 T_6.1, 6;
    %pushi/vec4 0, 0, 3;
    %store/vec4 v0xa6bc10_0, 0, 3;
    %jmp T_6.3;
T_6.0 ;
    %load/vec4 v0xa6bcf0_0;
    %store/vec4 v0xa6bc10_0, 0, 3;
    %jmp T_6.3;
T_6.1 ;
    %load/vec4 v0xa6be20_0;
    %store/vec4 v0xa6bc10_0, 0, 3;
    %jmp T_6.3;
T_6.3 ;
    %pop/vec4 1;
    %jmp T_6;
    .thread T_6, $push;
    .scope S_0xa3f6b0;
T_7 ;
    %wait E_0xa3fb40;
    %load/vec4 v0xa6d000_0;
    %dup/vec4;
    %pushi/vec4 0, 0, 4;
    %cmp/u;
    %jmp/1 T_7.0, 6;
    %dup/vec4;
    %pushi/vec4 1, 0, 4;
    %cmp/u;
    %jmp/1 T_7.1, 6;
    %pushi/vec4 0, 0, 32;
    %store/vec4 v0xa6cb20_0, 0, 32;
    %jmp T_7.3;
T_7.0 ;
    %load/vec4 v0xa6cc00_0;
    %store/vec4 v0xa6cb20_0, 0, 32;
    %jmp T_7.3;
T_7.1 ;
    %load/vec4 v0xa6cce0_0;
    %store/vec4 v0xa6cb20_0, 0, 32;
    %jmp T_7.3;
T_7.3 ;
    %pop/vec4 1;
    %jmp T_7;
    .thread T_7, $push;
# The file index is used to find the file name in the following table.
:file_names 3;
    "N/A";
    "<interactive>";
    "/home/ICer/proj/v_proj/AMBA_AXI_AHB_APB-master/codes/amba_ahb/design/verilog/ahb_m2s_m2.v";
